rtsp://192.168.1.205:554/stream1
Server running on http://localhost:3000
[RTSP] Attempting to connect to: rtsp://192.168.1.205:554/stream1
[RTSP] Connected. Media details: {
  "codec": "H264",
  "mediaSource": {
    "rtp": [
      {
        "payload": 96,
        "codec": "H264",
        "rate": 90000
      }
    ],
    "fmtp": [
      {
        "payload": 96,
        "config": "packetization-mode=1; profile-level-id=640032; sprop-parameter-sets=Z2QAMqzSAKAC1oQAAA+kAAJxoBA=,aOqPLA=="
      }
    ],
    "type": "video",
    "port": 0,
    "protocol": "RTP/AVP",
    "payloads": 96,
    "connection": {
      "version": 4,
      "ip": "0.0.0.0"
    },
    "bandwidth": [
      {
        "type": "AS",
        "limit": 4096
      }
    ],
    "invalid": [
      {
        "value": "range:npt=0-"
      }
    ],
    "control": "track1"
  },
  "transport": {
    "destination": "192.168.1.162",
    "source": "192.168.1.205",
    "client_port": "5000-5001",
    "server_port": "44022-44023"
  },
  "isH264": true
}
[WebRTC] Using H264 parameters from RTSP: packetization-mode=1; profile-level-id=640032; sprop-parameter-sets=Z2QAMqzSAKAC1oQAAA+kAAJxoBA=,aOqPLA==
[RTSP] Play command sent
[RTSP] Received 500 packets (Total: 500) - Current Timestamp: 180000, Marker: 0
[RTSP] Received 500 packets (Total: 1000) - Current Timestamp: 360000, Marker: 0
[RTSP] Received 500 packets (Total: 1500) - Current Timestamp: 589500, Marker: 0
[RTSP] Received 500 packets (Total: 2000) - Current Timestamp: 814500, Marker: 0
[RTSP] Received 500 packets (Total: 2500) - Current Timestamp: 1062000, Marker: 0
[RTSP] Received 500 packets (Total: 3000) - Current Timestamp: 1260000, Marker: 0
[RTSP] Received 500 packets (Total: 3500) - Current Timestamp: 1440000, Marker: 0
[RTSP] Received 500 packets (Total: 4000) - Current Timestamp: 1705500, Marker: 0
[RTSP] Received 500 packets (Total: 4500) - Current Timestamp: 1903500, Marker: 1
[RTSP] Received 500 packets (Total: 5000) - Current Timestamp: 2092500, Marker: 0
[RTSP] Received 500 packets (Total: 5500) - Current Timestamp: 2304000, Marker: 0
[RTSP] Received 500 packets (Total: 6000) - Current Timestamp: 2520000, Marker: 0
[RTSP] Received 500 packets (Total: 6500) - Current Timestamp: 2700000, Marker: 0
[RTSP] Received 500 packets (Total: 7000) - Current Timestamp: 2902500, Marker: 0
[RTSP] Received 500 packets (Total: 7500) - Current Timestamp: 3132000, Marker: 0
[RTSP] Received 500 packets (Total: 8000) - Current Timestamp: 3388500, Marker: 0
[RTSP] Received 500 packets (Total: 8500) - Current Timestamp: 3586500, Marker: 0
[RTSP] Received 500 packets (Total: 9000) - Current Timestamp: 3780000, Marker: 0
[RTSP] Received 500 packets (Total: 9500) - Current Timestamp: 3969000, Marker: 0
[RTSP] Received 500 packets (Total: 10000) - Current Timestamp: 4212000, Marker: 0
[RTSP] Received 500 packets (Total: 10500) - Current Timestamp: 4450500, Marker: 0
[RTSP] Received 500 packets (Total: 11000) - Current Timestamp: 4680000, Marker: 0
[RTSP] Received 500 packets (Total: 11500) - Current Timestamp: 4860000, Marker: 0
[RTSP] Received 500 packets (Total: 12000) - Current Timestamp: 5040000, Marker: 0
[RTSP] Received 500 packets (Total: 12500) - Current Timestamp: 5274000, Marker: 0
