rtsp://192.168.1.205:554/stream1
Server running on http://localhost:3000
[RTSP] Attempting to connect to: rtsp://192.168.1.205:554/stream1
[RTSP] Connected. Media details: {
  "codec": "H264",
  "mediaSource": {
    "rtp": [
      {
        "payload": 96,
        "codec": "H264",
        "rate": 90000
      }
    ],
    "fmtp": [
      {
        "payload": 96,
        "config": "packetization-mode=1; profile-level-id=640032; sprop-parameter-sets=Z2QAMqzSAKAC1oQAAA+kAAJxoBA=,aOqPLA=="
      }
    ],
    "type": "video",
    "port": 0,
    "protocol": "RTP/AVP",
    "payloads": 96,
    "connection": {
      "version": 4,
      "ip": "0.0.0.0"
    },
    "bandwidth": [
      {
        "type": "AS",
        "limit": 4096
      }
    ],
    "invalid": [
      {
        "value": "range:npt=0-"
      }
    ],
    "control": "track1"
  },
  "transport": {
    "destination": "192.168.1.162",
    "source": "192.168.1.205",
    "client_port": "5000-5001",
    "server_port": "43240-43241"
  },
  "isH264": true
}
[WebRTC] Using H264 parameters from RTSP: packetization-mode=1; profile-level-id=640032; sprop-parameter-sets=Z2QAMqzSAKAC1oQAAA+kAAJxoBA=,aOqPLA==
[RTSP] Play command sent
[RTSP] Received 500 packets (Total: 500) - Current Timestamp: 180000, Marker: 0
[WebRTC] Track internal - Received packet 17062
[RTSP] Received 500 packets (Total: 1000) - Current Timestamp: 360000, Marker: 0
[WebRTC] Track internal - Received packet 17562
[RTSP] Received 500 packets (Total: 1500) - Current Timestamp: 598500, Marker: 0
[WebRTC] Track internal - Received packet 18062
[WS] New client connected
[Process] Unhandled Rejection at: Promise {
  <rejected> TypeError: Cannot read properties of undefined (reading 'subscribe')
      at WebSocketServer.<anonymous> (/root/MiloCam/server.ts:135:30)
      at WebSocketServer.emit (node:events:508:20)
      at WebSocketServer.completeUpgrade (/root/MiloCam/node_modules/ws/lib/websocket-server.js:442:5)
      at WebSocketServer.handleUpgrade (/root/MiloCam/node_modules/ws/lib/websocket-server.js:350:10)
      at Server.upgrade (/root/MiloCam/node_modules/ws/lib/websocket-server.js:123:16)
      at Server.emit (node:events:508:20)
      at onParserExecuteCommon (node:_http_server:981:14)
      at onParserExecute (node:_http_server:885:3)
} reason: TypeError: Cannot read properties of undefined (reading 'subscribe')
    at WebSocketServer.<anonymous> (/root/MiloCam/server.ts:135:30)
    at WebSocketServer.emit (node:events:508:20)
    at WebSocketServer.completeUpgrade (/root/MiloCam/node_modules/ws/lib/websocket-server.js:442:5)
    at WebSocketServer.handleUpgrade (/root/MiloCam/node_modules/ws/lib/websocket-server.js:350:10)
    at Server.upgrade (/root/MiloCam/node_modules/ws/lib/websocket-server.js:123:16)
    at Server.emit (node:events:508:20)
    at onParserExecuteCommon (node:_http_server:981:14)
    at onParserExecute (node:_http_server:885:3)
[RTSP] Received 500 packets (Total: 2000) - Current Timestamp: 859500, Marker: 0
[WebRTC] Track internal - Received packet 18562
[RTSP] Received 500 packets (Total: 2500) - Current Timestamp: 1080000, Marker: 0
[WebRTC] Track internal - Received packet 19062
[RTSP] Received 500 packets (Total: 3000) - Current Timestamp: 1260000, Marker: 0
[WebRTC] Track internal - Received packet 19562
[RTSP] Received 500 packets (Total: 3500) - Current Timestamp: 1467000, Marker: 0
[WebRTC] Track internal - Received packet 20062
[RTSP] Received 500 packets (Total: 4000) - Current Timestamp: 1696500, Marker: 0
[WebRTC] Track internal - Received packet 20562
[RTSP] Received 500 packets (Total: 4500) - Current Timestamp: 1908000, Marker: 0
[WebRTC] Track internal - Received packet 21062
[RTSP] Received 500 packets (Total: 5000) - Current Timestamp: 2128500, Marker: 0
[WebRTC] Track internal - Received packet 21562
[RTSP] Received 500 packets (Total: 5500) - Current Timestamp: 2340000, Marker: 0
[WebRTC] Track internal - Received packet 22062
[RTSP] Received 500 packets (Total: 6000) - Current Timestamp: 2520000, Marker: 0
[WebRTC] Track internal - Received packet 22562
[RTSP] Received 500 packets (Total: 6500) - Current Timestamp: 2700000, Marker: 0
[WebRTC] Track internal - Received packet 23062
[RTSP] Received 500 packets (Total: 7000) - Current Timestamp: 2929500, Marker: 0
[WebRTC] Track internal - Received packet 23562
[RTSP] Received 500 packets (Total: 7500) - Current Timestamp: 3154500, Marker: 1
[WebRTC] Track internal - Received packet 24062
[RTSP] Received 500 packets (Total: 8000) - Current Timestamp: 3384000, Marker: 0
[WebRTC] Track internal - Received packet 24562
[RTSP] Received 500 packets (Total: 8500) - Current Timestamp: 3600000, Marker: 0
[WebRTC] Track internal - Received packet 25062
[RTSP] Received 500 packets (Total: 9000) - Current Timestamp: 3780000, Marker: 0
[WebRTC] Track internal - Received packet 25562
[RTSP] Received 500 packets (Total: 9500) - Current Timestamp: 3996000, Marker: 1
[WebRTC] Track internal - Received packet 26062
[RTSP] Received 500 packets (Total: 10000) - Current Timestamp: 4252500, Marker: 0
[WebRTC] Track internal - Received packet 26562
[RTSP] Received 500 packets (Total: 10500) - Current Timestamp: 4437000, Marker: 1
[WebRTC] Track internal - Received packet 27062
[RTSP] Received 500 packets (Total: 11000) - Current Timestamp: 4680000, Marker: 0
[WebRTC] Track internal - Received packet 27562
[RTSP] Received 500 packets (Total: 11500) - Current Timestamp: 4860000, Marker: 0
[WebRTC] Track internal - Received packet 28062
[RTSP] Received 500 packets (Total: 12000) - Current Timestamp: 5040000, Marker: 0
[WebRTC] Track internal - Received packet 28562
[RTSP] Received 500 packets (Total: 12500) - Current Timestamp: 5305500, Marker: 0
[WebRTC] Track internal - Received packet 29062
